<?xml version="1.0" encoding="utf-8" ?>
<!DOCTYPE html PUBLIC "-//W3C//DTD XHTML 1.0 Strict//EN"
        "http://www.w3.org/TR/xhtml1/DTD/xhtml1-strict.dtd">
<html xmlns="http://www.w3.org/1999/xhtml" xml:lang="" lang="">
<head>
  <title>Test Results Report - TBC Suite</title>
  <meta http-equiv="Content-Type" content="text/html;charset=utf-8" />
  <meta name="description" content="TestNG unit test results." />
  <link href="reportng.css" rel="stylesheet" type="text/css" />
    <script type="text/javascript" src="reportng.js"></script>
</head>
<body>
<h1>TBC Suite</h1>
<p>
  Test duration: 24.189s
</p>



  <table class="resultsTable">
    <tr><th colspan="3" class="header failed">Failed Tests</th></tr>
          <tr>
        <td colspan="3" class="group">com.ch.tbc.suite.ShopTiresTest</td>
      </tr>
            
<tr>
  <td class="method">
                  testShopTiresBySize
      </td>
  <td class="duration">
    23.658s
  </td>
  <td class="result">
        
    
        

        <a href="javascript:toggleElement('exception-0', 'block')" title="Click to expand/collapse"><b>org.openqa.selenium.TimeoutException: Timed out after 10 seconds waiting for visibility of element located by By.linkText: Shop Tires<br/>
Build info: version: &apos;2.48.2&apos;, revision: &apos;41bccdd&apos;, time: &apos;2015-10-09 19:55:52&apos;<br/>
System info: host: &apos;DESKTOP-4DPE0DL&apos;, ip: &apos;20.1.1.62&apos;, os.name: &apos;Windows 10&apos;, os.arch: &apos;amd64&apos;, os.version: &apos;10.0&apos;, java.version: &apos;1.8.0_73&apos;<br/>
Driver info: org.openqa.selenium.firefox.FirefoxDriver<br/>
Capabilities [{applicationCacheEnabled=true, rotatable=false, handlesAlerts=true, databaseEnabled=true, version=43.0, platform=WINDOWS, nativeEvents=false, acceptSslCerts=true, webStorageEnabled=true, locationContextEnabled=true, browserName=firefox, takesScreenshot=true, javascriptEnabled=true, cssSelectorsEnabled=true}]<br/>
Session ID: f70b91d2-4b7c-421f-91e2-d768256d99c9</b></a><br />
    <div class="stackTrace" id="exception-0">
              org.openqa.selenium.support.ui.WebDriverWait.timeoutException(WebDriverWait.java:80)<br />
              org.openqa.selenium.support.ui.FluentWait.until(FluentWait.java:261)<br />
              com.ch.tbc.utils.selenium.SeleniumUtils.clickByLinkText(SeleniumUtils.java:76)<br />
              com.ch.tbc.pages.HomePage.clickShopTires(HomePage.java:33)<br />
              com.ch.tbc.suite.ShopTiresTest.testShopTiresBySize(ShopTiresTest.java:19)<br />
              sun.reflect.NativeMethodAccessorImpl.invoke0(Native Method)<br />
              sun.reflect.NativeMethodAccessorImpl.invoke(Unknown Source)<br />
              sun.reflect.DelegatingMethodAccessorImpl.invoke(Unknown Source)<br />
              java.lang.reflect.Method.invoke(Unknown Source)<br />
              org.testng.internal.MethodInvocationHelper.invokeMethod(MethodInvocationHelper.java:86)<br />
              org.testng.internal.Invoker.invokeMethod(Invoker.java:645)<br />
              org.testng.internal.Invoker.invokeTestMethod(Invoker.java:822)<br />
              org.testng.internal.Invoker.invokeTestMethods(Invoker.java:1130)<br />
              org.testng.internal.TestMethodWorker.invokeTestMethods(TestMethodWorker.java:129)<br />
              org.testng.internal.TestMethodWorker.run(TestMethodWorker.java:112)<br />
              org.testng.TestRunner.privateRun(TestRunner.java:782)<br />
              org.testng.TestRunner.run(TestRunner.java:632)<br />
              org.testng.SuiteRunner.runTest(SuiteRunner.java:366)<br />
              org.testng.SuiteRunner.runSequentially(SuiteRunner.java:361)<br />
              org.testng.SuiteRunner.privateRun(SuiteRunner.java:319)<br />
              org.testng.SuiteRunner.run(SuiteRunner.java:268)<br />
              org.testng.SuiteRunnerWorker.runSuite(SuiteRunnerWorker.java:52)<br />
              org.testng.SuiteRunnerWorker.run(SuiteRunnerWorker.java:86)<br />
              org.testng.TestNG.runSuitesSequentially(TestNG.java:1244)<br />
              org.testng.TestNG.runSuitesLocally(TestNG.java:1169)<br />
              org.testng.TestNG.run(TestNG.java:1064)<br />
              org.testng.remote.RemoteTestNG.run(RemoteTestNG.java:113)<br />
              org.testng.remote.RemoteTestNG.initAndRun(RemoteTestNG.java:206)<br />
              org.testng.remote.RemoteTestNG.main(RemoteTestNG.java:177)<br />
                    <b>Caused by: </b> <a href="javascript:toggleElement('exception-1', 'block')" title="Click to expand/collapse">org.openqa.selenium.NoSuchElementException: Unable to locate element: {&quot;method&quot;:&quot;link text&quot;,&quot;selector&quot;:&quot;Shop Tires&quot;}<br/>
Command duration or timeout: 32 milliseconds<br/>
For documentation on this error, please visit: http://seleniumhq.org/exceptions/no_such_element.html<br/>
Build info: version: &apos;2.48.2&apos;, revision: &apos;41bccdd&apos;, time: &apos;2015-10-09 19:55:52&apos;<br/>
System info: host: &apos;DESKTOP-4DPE0DL&apos;, ip: &apos;20.1.1.62&apos;, os.name: &apos;Windows 10&apos;, os.arch: &apos;amd64&apos;, os.version: &apos;10.0&apos;, java.version: &apos;1.8.0_73&apos;<br/>
Driver info: org.openqa.selenium.firefox.FirefoxDriver<br/>
Capabilities [{applicationCacheEnabled=true, rotatable=false, handlesAlerts=true, databaseEnabled=true, version=43.0, platform=WINDOWS, nativeEvents=false, acceptSslCerts=true, webStorageEnabled=true, locationContextEnabled=true, browserName=firefox, takesScreenshot=true, javascriptEnabled=true, cssSelectorsEnabled=true}]<br/>
Session ID: f70b91d2-4b7c-421f-91e2-d768256d99c9<br/>
*** Element info: {Using=link text, value=Shop Tires}</a><br />
        <div class="stackTrace" id="exception-1">
                      sun.reflect.GeneratedConstructorAccessor11.newInstance(Unknown Source)<br />
                      sun.reflect.DelegatingConstructorAccessorImpl.newInstance(Unknown Source)<br />
                      java.lang.reflect.Constructor.newInstance(Unknown Source)<br />
                      org.openqa.selenium.remote.ErrorHandler.createThrowable(ErrorHandler.java:206)<br />
                      org.openqa.selenium.remote.ErrorHandler.throwIfResponseFailed(ErrorHandler.java:158)<br />
                      org.openqa.selenium.remote.RemoteWebDriver.execute(RemoteWebDriver.java:647)<br />
                      org.openqa.selenium.remote.RemoteWebDriver.findElement(RemoteWebDriver.java:353)<br />
                      org.openqa.selenium.remote.RemoteWebDriver.findElementByLinkText(RemoteWebDriver.java:418)<br />
                      org.openqa.selenium.By$ByLinkText.findElement(By.java:246)<br />
                      org.openqa.selenium.remote.RemoteWebDriver.findElement(RemoteWebDriver.java:345)<br />
                      org.openqa.selenium.support.ui.ExpectedConditions.findElement(ExpectedConditions.java:911)<br />
                      org.openqa.selenium.support.ui.ExpectedConditions.access$0(ExpectedConditions.java:909)<br />
                      org.openqa.selenium.support.ui.ExpectedConditions$7.apply(ExpectedConditions.java:205)<br />
                      org.openqa.selenium.support.ui.ExpectedConditions$7.apply(ExpectedConditions.java:1)<br />
                      org.openqa.selenium.support.ui.FluentWait.until(FluentWait.java:238)<br />
                      com.ch.tbc.utils.selenium.SeleniumUtils.clickByLinkText(SeleniumUtils.java:76)<br />
                      com.ch.tbc.pages.HomePage.clickShopTires(HomePage.java:33)<br />
                      com.ch.tbc.suite.ShopTiresTest.testShopTiresBySize(ShopTiresTest.java:19)<br />
                      sun.reflect.NativeMethodAccessorImpl.invoke0(Native Method)<br />
                      sun.reflect.NativeMethodAccessorImpl.invoke(Unknown Source)<br />
                      sun.reflect.DelegatingMethodAccessorImpl.invoke(Unknown Source)<br />
                      java.lang.reflect.Method.invoke(Unknown Source)<br />
                      org.testng.internal.MethodInvocationHelper.invokeMethod(MethodInvocationHelper.java:86)<br />
                      org.testng.internal.Invoker.invokeMethod(Invoker.java:645)<br />
                      org.testng.internal.Invoker.invokeTestMethod(Invoker.java:822)<br />
                      org.testng.internal.Invoker.invokeTestMethods(Invoker.java:1130)<br />
                      org.testng.internal.TestMethodWorker.invokeTestMethods(TestMethodWorker.java:129)<br />
                      org.testng.internal.TestMethodWorker.run(TestMethodWorker.java:112)<br />
                      org.testng.TestRunner.privateRun(TestRunner.java:782)<br />
                      org.testng.TestRunner.run(TestRunner.java:632)<br />
                      org.testng.SuiteRunner.runTest(SuiteRunner.java:366)<br />
                      org.testng.SuiteRunner.runSequentially(SuiteRunner.java:361)<br />
                      org.testng.SuiteRunner.privateRun(SuiteRunner.java:319)<br />
                      org.testng.SuiteRunner.run(SuiteRunner.java:268)<br />
                      org.testng.SuiteRunnerWorker.runSuite(SuiteRunnerWorker.java:52)<br />
                      org.testng.SuiteRunnerWorker.run(SuiteRunnerWorker.java:86)<br />
                      org.testng.TestNG.runSuitesSequentially(TestNG.java:1244)<br />
                      org.testng.TestNG.runSuitesLocally(TestNG.java:1169)<br />
                      org.testng.TestNG.run(TestNG.java:1064)<br />
                      org.testng.remote.RemoteTestNG.run(RemoteTestNG.java:113)<br />
                      org.testng.remote.RemoteTestNG.initAndRun(RemoteTestNG.java:206)<br />
                      org.testng.remote.RemoteTestNG.main(RemoteTestNG.java:177)<br />
                  </div>
              <b>Caused by: </b> <a href="javascript:toggleElement('exception-2', 'block')" title="Click to expand/collapse">org.openqa.selenium.NoSuchElementException: Unable to locate element: {&quot;method&quot;:&quot;link text&quot;,&quot;selector&quot;:&quot;Shop Tires&quot;}<br/>
For documentation on this error, please visit: http://seleniumhq.org/exceptions/no_such_element.html<br/>
Build info: version: &apos;2.48.2&apos;, revision: &apos;41bccdd&apos;, time: &apos;2015-10-09 19:55:52&apos;<br/>
System info: host: &apos;DESKTOP-4DPE0DL&apos;, ip: &apos;20.1.1.62&apos;, os.name: &apos;Windows 10&apos;, os.arch: &apos;amd64&apos;, os.version: &apos;10.0&apos;, java.version: &apos;1.8.0_73&apos;<br/>
Driver info: driver.version: unknown</a><br />
        <div class="stackTrace" id="exception-2">
                      &lt;anonymous class&gt;.FirefoxDriver.prototype.findElementInternal_(file:///C:/Users/User/AppData/Local/Temp/anonymous685494663742295780webdriver-profile/extensions/fxdriver@googlecode.com/components/driver-component.js:10659)<br />
                      &lt;anonymous class&gt;.FirefoxDriver.prototype.findElement(file:///C:/Users/User/AppData/Local/Temp/anonymous685494663742295780webdriver-profile/extensions/fxdriver@googlecode.com/components/driver-component.js:10668)<br />
                      &lt;anonymous class&gt;.DelayedCommand.prototype.executeInternal_/h(file:///C:/Users/User/AppData/Local/Temp/anonymous685494663742295780webdriver-profile/extensions/fxdriver@googlecode.com/components/command-processor.js:12534)<br />
                      &lt;anonymous class&gt;.DelayedCommand.prototype.executeInternal_(file:///C:/Users/User/AppData/Local/Temp/anonymous685494663742295780webdriver-profile/extensions/fxdriver@googlecode.com/components/command-processor.js:12539)<br />
                      &lt;anonymous class&gt;.DelayedCommand.prototype.execute/&lt;(file:///C:/Users/User/AppData/Local/Temp/anonymous685494663742295780webdriver-profile/extensions/fxdriver@googlecode.com/components/command-processor.js:12481)<br />
                  </div>
          </div>
      </td>
</tr>
      </table>


  
</body>
</html>
